-------------------------------------------------------------------------------
Test set: TestSuite
-------------------------------------------------------------------------------
Tests run: 1, Failures: 1, Errors: 0, Skipped: 0, Time elapsed: 31.904 s <<< FAILURE! - in TestSuite
com.neopane.tests.OrangeLoginTest.validateLogin  Time elapsed: 10.501 s  <<< FAILURE!
org.testng.TestNGException: java.util.concurrent.ExecutionException: java.net.ConnectException: Connection refused: connect
Caused by: java.util.concurrent.ExecutionException: java.net.ConnectException: Connection refused: connect
Caused by: java.net.ConnectException: Connection refused: connect

